[2024-08-27 12:15:32,008: INFO: main: Welcome to my classifier]
[2024-08-28 12:34:37,325: INFO: common: yaml file: config/config.yaml loaded successfully]
[2024-08-28 12:34:37,333: INFO: common: yaml file: params.yaml loaded successfully]
[2024-08-28 12:34:37,336: INFO: common: created directory at: artifacts]
[2024-08-28 12:34:37,339: INFO: common: created directory at: artifacts/data_ingestion]
[2024-08-28 12:34:37,341: INFO: 549056089: Downloading data from https://drive.google.com/file/d/1K_-ObVEp_YhvNSGAlFRiZG6KU1e-d6uL/view?usp=sharing into file artifacts/data_ingestion/data.zip]
[2024-08-28 12:35:01,722: INFO: 549056089: Downloaded data from https://drive.google.com/file/d/1K_-ObVEp_YhvNSGAlFRiZG6KU1e-d6uL/view?usp=sharing into file artifacts/data_ingestion/data.zip]
[2024-08-28 12:56:09,181: INFO: main: >>>>>> stage Data Ingestion stage started <<<<<<]
[2024-08-28 12:56:09,182: INFO: common: yaml file: config/config.yaml loaded successfully]
[2024-08-28 12:56:09,183: INFO: common: yaml file: params.yaml loaded successfully]
[2024-08-28 12:56:09,184: INFO: common: created directory at: artifacts]
[2024-08-28 12:56:09,184: INFO: common: created directory at: artifacts/data_ingestion]
[2024-08-28 12:56:09,184: INFO: data_ingestion: Downloading data from https://drive.google.com/file/d/1K_-ObVEp_YhvNSGAlFRiZG6KU1e-d6uL/view?usp=sharing into file artifacts/data_ingestion/data.zip]
[2024-08-28 12:56:23,146: INFO: data_ingestion: Downloaded data from https://drive.google.com/file/d/1K_-ObVEp_YhvNSGAlFRiZG6KU1e-d6uL/view?usp=sharing into file artifacts/data_ingestion/data.zip]
[2024-08-28 12:56:23,525: INFO: main: >>>>>> stage Data Ingestion stage completed <<<<<<

x==========x]
[2024-08-28 14:42:58,484: INFO: common: yaml file: config/config.yaml loaded successfully]
[2024-08-28 14:42:58,490: INFO: common: yaml file: params.yaml loaded successfully]
[2024-08-28 14:42:58,492: INFO: common: created directory at: artifacts]
[2024-08-28 14:42:58,494: INFO: common: created directory at: artifacts/prepare_base_model]
[2024-08-28 14:43:21,013: WARNING: saving_utils: Compiled the loaded model, but the compiled metrics have yet to be built. `model.compile_metrics` will be empty until you train or evaluate the model.]
[2024-08-28 14:56:01,713: INFO: main: >>>>>> stage Data Ingestion stage started <<<<<<]
[2024-08-28 14:56:01,715: INFO: common: yaml file: config/config.yaml loaded successfully]
[2024-08-28 14:56:01,716: INFO: common: yaml file: params.yaml loaded successfully]
[2024-08-28 14:56:01,716: INFO: common: created directory at: artifacts]
[2024-08-28 14:56:01,716: ERROR: main: 'ConfigurationManager' object has no attribute 'get_data_ingestion_config']
Traceback (most recent call last):
  File "main.py", line 11, in <module>
    obj.main()
  File "/home/asus/Documents/Chest-Cancer-Classification/Project/src/cnnClassifier/pipeline/stage_01_data_ingestion.py", line 13, in main
    data_ingestion_config = config.get_data_ingestion_config()
AttributeError: 'ConfigurationManager' object has no attribute 'get_data_ingestion_config'
[2024-08-28 14:58:49,364: INFO: main: >>>>>> stage Data Ingestion stage started <<<<<<]
[2024-08-28 14:58:49,365: INFO: common: yaml file: config/config.yaml loaded successfully]
[2024-08-28 14:58:49,366: INFO: common: yaml file: params.yaml loaded successfully]
[2024-08-28 14:58:49,367: INFO: common: created directory at: artifacts]
[2024-08-28 14:58:49,367: INFO: common: created directory at: artifacts/data_ingestion]
[2024-08-28 14:58:49,367: INFO: data_ingestion: Downloading data from https://drive.google.com/file/d/1K_-ObVEp_YhvNSGAlFRiZG6KU1e-d6uL/view?usp=sharing into file artifacts/data_ingestion/data.zip]
[2024-08-28 14:59:05,514: INFO: data_ingestion: Downloaded data from https://drive.google.com/file/d/1K_-ObVEp_YhvNSGAlFRiZG6KU1e-d6uL/view?usp=sharing into file artifacts/data_ingestion/data.zip]
[2024-08-28 14:59:05,972: INFO: main: >>>>>> stage Data Ingestion stage completed <<<<<<

x==========x]
[2024-08-28 14:59:05,972: INFO: main: *******************]
[2024-08-28 14:59:05,973: INFO: main: >>>>>> stage Prepare base model started <<<<<<]
[2024-08-28 14:59:05,974: INFO: common: yaml file: config/config.yaml loaded successfully]
[2024-08-28 14:59:05,976: INFO: common: yaml file: params.yaml loaded successfully]
[2024-08-28 14:59:05,977: INFO: common: created directory at: artifacts]
[2024-08-28 14:59:05,979: INFO: common: created directory at: artifacts/prepare_base_model]
[2024-08-28 14:59:06,650: WARNING: saving_utils: Compiled the loaded model, but the compiled metrics have yet to be built. `model.compile_metrics` will be empty until you train or evaluate the model.]
[2024-08-28 14:59:07,031: INFO: main: >>>>>> stage Prepare base model completed <<<<<<

x==========x]
